\BOOKMARK [1][-]{section.1}{\376\377\000G\000i\036\333\000i\000\040\000t\000h\000i\036\307\000u\000\040\001\021\036\301\000\040\000t\000\340\000i}{}% 1
\BOOKMARK [2][-]{subsection.1.1}{\376\377\000B\036\321\000i\000\040\000c\036\243\000n\000h}{section.1}% 2
\BOOKMARK [2][-]{subsection.1.2}{\376\377\000M\000\364\000\040\000h\000\354\000n\000h\000\040\000S\000I\000R}{section.1}% 3
\BOOKMARK [3][-]{subsubsection.1.2.1}{\376\377\000P\000h\000\341\000t\000\040\000b\000i\036\303\000u\000\040\000m\000\364\000\040\000h\000\354\000n\000h}{subsection.1.2}% 4
\BOOKMARK [3][-]{subsubsection.1.2.2}{\376\377\000P\000h\001\260\001\241\000n\000g\000\040\000p\000h\000\341\000p\000\040\000x\036\245\000p\000\040\000x\036\311\000\040\000E\000u\000l\000e\000r\000\040\000t\000r\000o\000n\000g\000\040\000g\000i\036\243\000i\000\040\000h\036\307\000\040\000S\000I\000R}{subsection.1.2}% 5
\BOOKMARK [3][-]{subsubsection.1.2.3}{\376\377\001\257\036\333\000c\000\040\000l\001\260\036\343\000n\000g\000\040\000h\036\307\000\040\000s\036\321\000\040\000\040\000v\000\340\000\040}{subsection.1.2}% 6
\BOOKMARK [2][-]{subsection.1.3}{\376\377\000K\036\277\000t\000\040\000h\036\343\000p\000\040\000m\000\364\000\040\000h\000\354\000n\000h\000\040\000h\036\315\000c\000\040\000m\000\341\000y}{section.1}% 7
\BOOKMARK [3][-]{subsubsection.1.3.1}{\376\377\000G\000i\036\333\000i\000\040\000t\000h\000i\036\307\000u}{subsection.1.3}% 8
\BOOKMARK [3][-]{subsubsection.1.3.2}{\376\377\000K\000h\000\363\000\040\000k\000h\001\003\000n\000\040\000t\000r\000o\000n\000g\000\040\000x\000\342\000y\000\040\000d\036\361\000n\000g\000\040\000m\000\364\000\040\000h\000\354\000n\000h}{subsection.1.3}% 9
\BOOKMARK [3][-]{subsubsection.1.3.3}{\376\377\000M\000\364\000\040\000h\000\354\000n\000h\000\040\000d\036\361\000\040\000b\000\341\000o\000\040\000C\000O\000V\000I\000D\000-\0001\0009\000\040\000c\000\363\000\040\000H\036\315\000c\000\040\000M\000\341\000y}{subsection.1.3}% 10
\BOOKMARK [3][-]{subsubsection.1.3.4}{\376\377\000D\036\357\000\040\000l\000i\036\307\000u\000\040\000C\000O\000V\000I\000D\000-\0001\0009}{subsection.1.3}% 11
\BOOKMARK [1][-]{section.2}{\376\377\001\020\036\301\000\040\000b\000\340\000i}{}% 12
\BOOKMARK [2][-]{subsection.2.1}{\376\377\000B\000\340\000i\000\040\000t\000o\000\341\000n\000\040\0001}{section.2}% 13
\BOOKMARK [3][-]{subsubsection.2.1.1}{\376\377\000M\000\364\000\040\000h\000\354\000n\000h\000\040\000S\000I\000R\000\040\000r\036\335\000i\000\040\000r\036\241\000c}{subsection.2.1}% 14
\BOOKMARK [3][-]{subsubsection.2.1.2}{\376\377\000M\000\364\000\040\000h\000\354\000n\000h\000\040\000S\000I\000R\000\040\000l\000i\000\352\000n\000\040\000t\036\345\000c}{subsection.2.1}% 15
\BOOKMARK [2][-]{subsection.2.2}{\376\377\000B\000\340\000i\000\040\000t\000o\000\341\000n\000\040\0002}{section.2}% 16
\BOOKMARK [2][-]{subsection.2.3}{\376\377\000B\000\340\000i\000\040\000t\000o\000\341\000n\000\040\0003}{section.2}% 17
\BOOKMARK [2][-]{subsection.2.4}{\376\377\000B\000\340\000i\000\040\000t\000o\000\341\000n\000\040\0004}{section.2}% 18
\BOOKMARK [1][-]{section.3}{\376\377\000K\036\277\000t\000\040\000l\000u\036\255\000n}{}% 19
\BOOKMARK [1][-]{section.3}{\376\377\000T\000\340\000i\000\040\000l\000i\036\307\000u}{}% 20
